     1                                  [cpu 8086]
     2                                  [bits 16]
     3                                  [org 0x0]
     4                                  
     5                                  %include "src/boot.asm"
     1                              <1> [cpu 8086]
     2                              <1> [bits 16]
     3                              <1> [org 0x0]
     4                              <1> 
     5                              <1> 
     6                              <1> section .data
     7                              <1> 
     8                              <1> 
     9                              <1> 
    10                              <1> section .text
    11                              <1> start:
    12                              <1> 
    13 00000000 B80000              <1> 	mov ax, 0x0000
    14 00000003 8ED8                <1> 	mov ds, ax
    15                              <1> 
    16 00000005 B8FFFF              <1> 	mov ax, 0xFFFF
    17 00000008 8EC8                <1> 	mov cs, ax
    18                              <1> 
    19 0000000A B8[0000]            <1> 	mov ax, start
    20 0000000D EBF1                <1> 	jmp start
    21                              <1> 
